<?xml version="1.0" encoding="UTF-8"?>
<testsuite xmlns:xsi="http://www.w3.org/2001/XMLSchema-instance" xsi:noNamespaceSchemaLocation="https://maven.apache.org/surefire/maven-failsafe-plugin/xsd/failsafe-test-report-3.0.xsd" version="3.0" name="Dashboard Page feature" time="130.351" tests="2" errors="0" skipped="0" failures="0">
  <properties>
[...]
</properties>
  <testcase name="Dashboard page title" classname="Dashboard Page feature" time="65.341"/>
  <testcase name="Dashboard section count" classname="Dashboard Page feature" time="65.009"/>
</testsuite>